     1                                  ; haribote-ipl
     2                                  ; TAB=4
     3                                  
     4                                  		CYLS    EQU     10
     5                                  
     6                                  		ORG		0x7c00              ;   指定從 0x7c00 開始執行	
     7                                  
     8                                  ;   以下是為了標準 FAT12 格式的軟式磁碟片的記述
     9                                  
    10 00000000 EB4E                    		JMP		entry
    11 00000002 90                      		DB		0x90
    12 00000003 48415249424F5445        		DB		"HARIBOTE"		
    13 0000000B 0002                    		DW		512				
    14 0000000D 01                      		DB		1				
    15 0000000E 0100                    		DW		1				
    16 00000010 02                      		DB		2				
    17 00000011 E000                    		DW		224				
    18 00000013 400B                    		DW		2880			
    19 00000015 F0                      		DB		0xf0			
    20 00000016 0900                    		DW		9				
    21 00000018 1200                    		DW		18				
    22 0000001A 0200                    		DW		2				
    23 0000001C 00000000                		DD		0				
    24 00000020 400B0000                		DD		2880			
    25 00000024 000029                  		DB		0,0,0x29		
    26 00000027 FFFFFFFF                		DD		0xffffffff		
    27 0000002B 48415249424F54454F-     		DB		"HARIBOTEOS "	
    27 00000034 5320               
    28 00000036 4641543132202020        		DB		"FAT12   "		
    29 0000003E <res 00000012>          		RESB	18				
    29          ******************       warning: uninitialized space declared in .text section: zeroing [-w+other]
    30                                  
    31                                  
    32                                  
    33                                  
    34                                  ;   程式碼本身
    35                                  
    36                                  entry:
    37 00000050 B80000                  		MOV		AX,0                ;   暫存器初始化
    38 00000053 8ED0                    		MOV		SS,AX
    39 00000055 BC007C                  		MOV		SP,0x7c00
    40 00000058 8ED8                    		MOV		DS,AX
    41                                  
    42                                  
    43                                  ;   ---- 20210517 新增的部份 (START) ----
    44 0000005A B82008                  		MOV		AX,0x0820
    45 0000005D 8EC0                    		MOV		ES,AX
    46 0000005F B500                    		MOV		CH,0                ;   磁柱0			
    47 00000061 B600                    		MOV		DH,0			    ;   磁頭0
    48 00000063 B102                    		MOV		CL,2			    ;   磁區2
    49                                  
    50                                  readloop:
    51 00000065 BE0000                          MOV     SI,0                ;   計算失敗次數的暫存器
    52                                  retry:
    53 00000068 B402                    		MOV		AH,0x02             ;   AH=0x02：讀入磁碟片			
    54 0000006A B001                    		MOV		AL,1			    ;   1個磁區
    55 0000006C BB0000                  		MOV		BX,0
    56 0000006F B200                    		MOV		DL,0x00			    ;   A磁碟機
    57 00000071 CD13                    		INT		0x13			    ;   呼叫磁碟片 BIOS
    58 00000073 7310                            JNC     next                 ;   如果出現錯誤就到 next
    59 00000075 83C601                          ADD     SI,1                ;   SI 加 1
    60 00000078 83FE05                          CMP     SI,5                ;   SI 與 5 做比較
    61 0000007B 7332                            JAE     error                ;   如果 SI >= 5，就到 error
    62 0000007D B400                            MOV     AH,0x00
    63 0000007F B200                            MOV     DL,0x00             ;   A磁碟機
    64 00000081 CD13                            INT     0x13                ;   磁碟機的重設
    65 00000083 EBE3                            JMP     retry
    66                                  next:
    67 00000085 8CC0                            MOV     AX,ES               ;   位址前進到 0x200
    68 00000087 83C020                          ADD     AX,0x0020
    69 0000008A 8EC0                            MOV     ES,AX               ;   因為沒有 "ADD    Es,0x020" 的命令，所以才如此執行
    70 0000008C 80C101                          ADD     CL,1                ;   CL 加 1
    71 0000008F 80F912                          CMP     CL,18               ;   CL 與 18 做比較
    72 00000092 76D1                            JBE     readloop            ;   若是 CL <= 18 就到 readloop
    73 00000094 B101                            MOV     CL,1
    74 00000096 80C601                          ADD     DH,1
    75 00000099 80FE02                          CMP     DH,2
    76 0000009C 72C7                            JB      readloop            ;   若是 DH < 2 就到 readloop
    77 0000009E B600                            MOV     DH,0
    78 000000A0 80C501                          ADD     CH,1
    79 000000A3 80FD0A                          CMP     CH,CYLS
    80 000000A6 72BD                            JB      readloop            ;   若是 CH < CYLS 就到 readloop
    81                                  ;   ---- 20210517 新增的部份 (END) ----
    82                                  
    83 000000A8 882EF00F                		MOV		[0x0ff0],CH
    84 000000AC E9(00C2)                		JMP		0xc200
    85                                  
    86                                  error:
    87 000000AF BE[C700]                		MOV		SI,msg
    88                                  
    89                                  
    90                                  putloop:                                       
    91 000000B2 8A04                    		MOV     AL,[SI]                        
    92 000000B4 83C601                  		ADD     SI,1                           
    93 000000B7 3C00                    		CMP     AL,0                           
    94 000000B9 7409                    		JE      fin                            
    95 000000BB B40E                    		MOV     AH,0x0e                        
    96 000000BD BB0F00                  		MOV     BX,15                          
    97 000000C0 CD10                    		INT     0x10                           
    98 000000C2 EBEE                    		JMP     putloop
    99                                  
   100                                  
   101                                  fin:
   102 000000C4 F4                      		HLT					        ;   直到有了某個物件就將 CPU 停止	
   103 000000C5 EBFD                    		JMP		fin				    ;   無限迴圈
   104                                  
   105                                  
   106                                  msg:
   107 000000C7 0A0A                    		DB		0x0a, 0x0a		    ;   連續兩個換行
   108 000000C9 6C6F6164206572726F-     		DB		"load error"
   108 000000D2 72                 
   109 000000D3 0A                      		DB		0x0a			    ;   換行
   110 000000D4 00                      		DB		0
   111                                  
   112                                  		;   RESB	0x7dfe-$		;   此行編譯無法通過，故修改成 "TIMES 510-($-$$)   DB  0"
   113                                          
   114 000000D5 00<rept>                        TIMES 510-($-$$)    DB      0
   115                                          ;   '$' 代表目前行的位址，'$$' 為目前 section 的位址。(TIMES 意思為重複，先確定次數再確定重複的內容)
   116                                  
   117 000001FE 55AA                    		DB		0x55, 0xaa
