     1                                  ; asmhead
     2                                  ; TAB=4
     3                                  
     4                                  
     5                                  BOTPAK	EQU		0x00280000
     6                                  DSKCAC	EQU		0x00100000
     7                                  DSKCAC0	EQU		0x00008000
     8                                  
     9                                  
    10                                  
    11                                  ; BOOT_INFO 資訊
    12                                  CYLS	EQU		0x0ff0			; 設定開機磁區
    13                                  LEDS	EQU		0x0ff1
    14                                  VMODE	EQU		0x0ff2			; 與色彩有關的資訊。表示顏色所會使用到的位元數
    15                                  SCRNX	EQU		0x0ff4			; X 方向的解析度 (screen x)
    16                                  SCRNY	EQU		0x0ff6			; Y 方向的解析度 (screen y)
    17                                  VRAM	EQU		0x0ff8			; 圖形緩衝區 (Graphic Buffer) 的開始位址
    18                                  
    19                                  		ORG		0xc200			; 這個程式碼是要讀進去那裡
    20                                  
    21 00000000 B013                    		MOV		AL,0x13			; VGA 圖形、320 x 200 x 8bit 彩色
    22 00000002 B400                    		MOV		AH,0x00
    23 00000004 CD10                    		INT		0x10
    24 00000006 C606F20F08              		MOV		BYTE [VMODE],8	; 記錄畫面模式
    25 0000000B C706F40F4001            		MOV		WORD [SCRNX],320
    26 00000011 C706F60FC800            		MOV		WORD [SCRNY],200
    27 00000017 66C706F80F00000A00      		MOV		DWORD [VRAM],0x000a0000
    28                                  
    29                                  ; 從 BIOS 告知鍵盤的 LED 狀態
    30                                  
    31 00000020 B402                    		MOV		AH,0x02
    32 00000022 CD16                    		INT		0x16 			; keyboard BIOS
    33 00000024 A2F10F                  		MOV		[LEDS],AL
    34                                  
    35                                  		
    36 00000027 B0FF                    		MOV		AL, 0xff
    37 00000029 E621                    		OUT		0x21, AL
    38 0000002B 90                      		NOP
    39 0000002C E6A1                    		OUT		0xa1, AL
    40 0000002E FA                      		CLI
    41                                  
    42                                  
    43 0000002F E8B500                  		CALL	waitkbdout
    44 00000032 B0D1                    		MOV		AL, 0xd1
    45 00000034 E664                    		OUT		0x64, AL
    46 00000036 E8AE00                  		CALL	waitkbdout
    47 00000039 B0DF                    		MOV		AL, 0xdf
    48 0000003B E660                    		OUT		0x60, AL
    49 0000003D E8A700                  		CALL	waitkbdout
    50                                  
    51                                  
    52 00000040 0F0116[2A01]            		LGDT	[GDTR0]
    53 00000045 0F20C0                  		MOV		EAX, CR0
    54 00000048 6625FFFFFF7F            		AND		EAX, 0x7fffffff
    55 0000004E 6683C801                		OR		EAX, 0x00000001
    56 00000052 0F22C0                  		MOV		CR0, EAX
    57 00000055 EB00                    		JMP		pipelineflush
    58                                  
    59                                  
    60                                  pipelineflush:
    61 00000057 B80800                  		MOV		AX, 1*8
    62 0000005A 8ED8                    		MOV		DS, AX
    63 0000005C 8EC0                    		MOV		ES, AX
    64 0000005E 8EE0                    		MOV		FS, AX
    65 00000060 8EE8                    		MOV		GS, AX
    66 00000062 8ED0                    		MOV		SS, AX
    67                                  
    68 00000064 66BE[30010000]          		MOV		ESI, bootpack
    69 0000006A 66BF00002800            		MOV		EDI, BOTPAK
    70 00000070 66B900000200            		MOV		ECX, 512*1024/4
    71 00000076 E87500                  		CALL	memcpy
    72                                  
    73 00000079 66BE007C0000            		MOV		ESI, 0x7c00
    74 0000007F 66BF00001000            		MOV		EDI, DSKCAC
    75 00000085 66B980000000            		MOV		ECX, 512/4
    76                                  
    77 0000008B E86000                  		CALL	memcpy
    78                                  
    79 0000008E 66BE00820000            		MOV		ESI, DSKCAC0+512
    80 00000094 66BE00021000            		MOV		ESI, DSKCAC+512
    81 0000009A 66B900000000            		MOV		ECX, 0
    82 000000A0 8A0EF00F                		MOV		CL, BYTE [CYLS]
    83 000000A4 6669C900120000          		IMUL	ECX, 512*18*2/4
    84                                  
    85 000000AB 6681E980000000          		SUB		ECX, 512/4
    86 000000B2 E83900                  		CALL	memcpy
    87                                  
    88                                  
    89 000000B5 66BB00002800            		MOV		EBX, BOTPAK
    90 000000BB 66678B4B10              		MOV		ECX, [EBX+16]
    91 000000C0 6683C103                		ADD		ECX, 3
    92 000000C4 66C1E902                		SHR		ECX, 2
    93 000000C8 7410                    		JZ		skip
    94 000000CA 66678B7314              		MOV		ESI, [EBX+20]
    95 000000CF 6601DE                  		ADD		ESI, EBX
    96 000000D2 66678B7B0C              		MOV		EDI, [EBX+12]
    97 000000D7 E81400                  		CALL	memcpy
    98                                  
    99                                  
   100                                  skip:
   101 000000DA 66678B630C              		MOV		ESP, [EBX+12]
   102 000000DF 66EA1B0000001000        		JMP		DWORD 2*8:0x0000001b
   103                                  
   104                                  
   105                                  waitkbdout:
   106 000000E7 E464                    		IN		AL, 0x64
   107 000000E9 2402                    		AND		AL, 0x02
   108 000000EB 75FA                    		JNZ		waitkbdout
   109 000000ED C3                      		RET
   110                                  
   111                                  
   112                                  memcpy:
   113 000000EE 66678B06                		MOV		EAX, [ESI]
   114 000000F2 6683C604                		ADD		ESI, 4
   115 000000F6 66678907                		MOV		[EDI], EAX
   116 000000FA 6683C704                		ADD		EDI, 4
   117 000000FE 6683E901                		SUB		ECX, 1
   118 00000102 75EA                    		JNZ		memcpy
   119 00000104 C3                      		RET
   120                                  
   121 00000105 <res 0000000B>          		ALIGNB	16
   121          ******************       warning: uninitialized space declared in .text section: zeroing [-w+other]
   122                                  
   123                                  
   124                                  GDT0:
   125 00000110 <res 00000008>          		RESB	8
   125          ******************       warning: uninitialized space declared in .text section: zeroing [-w+other]
   126 00000118 FFFF00000092CF00        		DW		0xffff, 0x0000, 0x9200, 0x00cf
   127 00000120 FFFF0000289A4700        		DW		0xffff, 0x0000, 0x9a28, 0x0047
   128 00000128 0000                    		DW		0
   129                                  
   130                                  
   131                                  GDTR0:
   132 0000012A 1700                    		DW		8*3-1
   133 0000012C [10010000]              		DD		GDT0
   134                                  		ALIGNB	16
   135                                  
   136                                  
   137                                  bootpack:
   138                                  
   139                                  
   140                                  
