     1                                  ; naskfunc
     2                                  ; TAB=4
     3                                  
     4                                  ; ===========================================
     5                                  section .text
     6                                      GLOBAL	io_hlt
     7                                  	GLOBAL	write_mem8
     8                                  ; ===========================================
     9                                  
    10                                  
    11                                  ; ===========================================
    12                                  io_hlt:	; void io_hlt(void);
    13 00000000 F4                      		HLT
    14 00000001 C3                      		RET
    15                                  ; ===========================================
    16                                  
    17                                  
    18                                  write_mem8:    ; void write_mem8(int addr, int data);
    19 00000002 8B4C2404                        MOV     ECX, [ESP+4]    ; 因為在 [ESP+4] 裡有 addr，所以將該值讀入到 ECX
    20 00000006 8A442408                        MOV     AL, [ESP+8]     ; 因為在 [ESP+8] 裡有 data，所以將該值讀入 AL
    21 0000000A 8801                            MOV     [ECX], AL
    22 0000000C C3                              RET
